Copyright 1986-2018 Xilinx, Inc. All Rights Reserved.
------------------------------------------------------------------------------------
| Tool Version : Vivado v.2018.3 (win64) Build 2405991 Thu Dec  6 23:38:27 MST 2018
| Date         : Sun Dec 13 20:51:48 2020
| Host         : LAPTOP-FBTVFG3E running 64-bit major release  (build 9200)
| Command      : report_control_sets -verbose -file main_control_sets_placed.rpt
| Design       : main
| Device       : xc7a35t
------------------------------------------------------------------------------------

Control Set Information

Table of Contents
-----------------
1. Summary
2. Histogram
3. Flip-Flop Distribution
4. Detailed Control Set Information

1. Summary
----------

+----------------------------------------------------------+-------+
|                          Status                          | Count |
+----------------------------------------------------------+-------+
| Number of unique control sets                            |    12 |
| Unused register locations in slices containing registers |    34 |
+----------------------------------------------------------+-------+


2. Histogram
------------

+--------+--------------+
| Fanout | Control Sets |
+--------+--------------+
|      1 |            2 |
|      4 |            4 |
|      7 |            1 |
|      8 |            1 |
|     14 |            1 |
|    16+ |            3 |
+--------+--------------+


3. Flip-Flop Distribution
-------------------------

+--------------+-----------------------+------------------------+-----------------+--------------+
| Clock Enable | Synchronous Set/Reset | Asynchronous Set/Reset | Total Registers | Total Slices |
+--------------+-----------------------+------------------------+-----------------+--------------+
| No           | No                    | No                     |              15 |           10 |
| No           | No                    | Yes                    |               7 |            1 |
| No           | Yes                   | No                     |              32 |            9 |
| Yes          | No                    | No                     |              24 |            7 |
| Yes          | No                    | Yes                    |              16 |            4 |
| Yes          | Yes                   | No                     |              32 |            8 |
+--------------+-----------------------+------------------------+-----------------+--------------+


4. Detailed Control Set Information
-----------------------------------

+------------------+-----------------+----------------------------+------------------+----------------+
|   Clock Signal   |  Enable Signal  |      Set/Reset Signal      | Slice Load Count | Bel Load Count |
+------------------+-----------------+----------------------------+------------------+----------------+
|  judge_IBUF_BUFG |                 |                            |                1 |              1 |
|  clk_IBUF_BUFG   |                 | countdown_reg_n_0_[2]      |                1 |              1 |
|  clk2_IBUF_BUFG  | input_start     | input_rst                  |                1 |              4 |
|  clk0_IBUF_BUFG  | input_start     | input_rst                  |                1 |              4 |
|  clk1_IBUF_BUFG  | input_start     | input_rst                  |                1 |              4 |
|  clk3_IBUF_BUFG  | input_start     | input_rst                  |                1 |              4 |
|  clk_IBUF_BUFG   |                 | input_rst                  |                1 |              7 |
|  timeout_reg_n_0 | pos[3]_i_1_n_0  |                            |                2 |              8 |
|  clk_IBUF_BUFG   |                 |                            |                9 |             14 |
|  clk_IBUF_BUFG   | pw00            |                            |                5 |             16 |
|  clk_IBUF_BUFG   |                 | clock_led[31]_i_1_n_0      |                8 |             31 |
|  clk_IBUF_BUFG   | clock_countdown | clock_countdown[0]_i_1_n_0 |                8 |             32 |
+------------------+-----------------+----------------------------+------------------+----------------+


